{
  "RSpec": {
    "coverage": {
      "/home/nikolay/work/ruby_garage/homework_model/new_bookstore/bs/config/environment.rb": [
        null,
        1,
        null,
        null,
        1
      ],
      "/home/nikolay/work/ruby_garage/homework_model/new_bookstore/bs/config/application.rb": [
        1,
        null,
        1,
        null,
        null,
        null,
        1,
        null,
        1,
        1,
        null,
        null,
        null,
        null,
        null,
        null,
        null,
        null,
        null,
        null,
        null,
        null,
        null,
        1,
        null,
        null
      ],
      "/home/nikolay/work/ruby_garage/homework_model/new_bookstore/bs/config/boot.rb": [
        1,
        null,
        1
      ],
      "/home/nikolay/work/ruby_garage/homework_model/new_bookstore/bs/config/environments/test.rb": [
        1,
        null,
        null,
        null,
        null,
        null,
        null,
        1,
        null,
        null,
        null,
        null,
        1,
        null,
        null,
        1,
        1,
        null,
        null,
        1,
        1,
        null,
        null,
        1,
        null,
        null,
        1,
        null,
        null,
        null,
        null,
        1,
        null,
        null,
        1,
        null,
        null,
        1,
        null,
        null,
        null,
        null
      ],
      "/home/nikolay/work/ruby_garage/homework_model/new_bookstore/bs/config/initializers/assets.rb": [
        null,
        null,
        null,
        1,
        1,
        null,
        null,
        null,
        null,
        null,
        null
      ],
      "/home/nikolay/work/ruby_garage/homework_model/new_bookstore/bs/config/initializers/backtrace_silencers.rb": [
        null,
        null,
        null,
        null,
        null,
        null,
        null
      ],
      "/home/nikolay/work/ruby_garage/homework_model/new_bookstore/bs/config/initializers/cookies_serializer.rb": [
        null,
        null,
        1
      ],
      "/home/nikolay/work/ruby_garage/homework_model/new_bookstore/bs/config/initializers/devise.rb": [
        null,
        null,
        1,
        null,
        null,
        null,
        null,
        null,
        null,
        null,
        null,
        null,
        null,
        null,
        1,
        null,
        null,
        null,
        null,
        null,
        null,
        null,
        null,
        1,
        null,
        null,
        null,
        null,
        null,
        null,
        null,
        null,
        null,
        null,
        null,
        null,
        null,
        null,
        null,
        null,
        null,
        null,
        null,
        null,
        null,
        1,
        null,
        null,
        null,
        null,
        1,
        null,
        null,
        null,
        null,
        null,
        null,
        null,
        null,
        null,
        null,
        null,
        null,
        null,
        null,
        null,
        null,
        null,
        null,
        null,
        null,
        null,
        null,
        null,
        null,
        null,
        null,
        null,
        null,
        null,
        null,
        1,
        null,
        null,
        null,
        null,
        null,
        null,
        null,
        null,
        null,
        null,
        null,
        null,
        null,
        null,
        null,
        null,
        1,
        null,
        null,
        null,
        null,
        null,
        null,
        null,
        null,
        null,
        null,
        null,
        null,
        null,
        null,
        null,
        null,
        null,
        null,
        null,
        null,
        null,
        null,
        null,
        null,
        null,
        null,
        null,
        1,
        null,
        null,
        null,
        null,
        null,
        null,
        null,
        null,
        null,
        1,
        null,
        null,
        null,
        null,
        null,
        null,
        null,
        null,
        null,
        null,
        1,
        null,
        null,
        null,
        null,
        null,
        null,
        null,
        null,
        null,
        null,
        null,
        null,
        null,
        null,
        null,
        null,
        null,
        null,
        null,
        null,
        null,
        null,
        null,
        null,
        null,
        null,
        null,
        null,
        null,
        null,
        null,
        null,
        null,
        null,
        null,
        null,
        null,
        null,
        null,
        null,
        null,
        null,
        null,
        null,
        null,
        1,
        null,
        null,
        null,
        null,
        null,
        null,
        null,
        null,
        null,
        null,
        null,
        null,
        null,
        null,
        null,
        null,
        null,
        null,
        null,
        null,
        null,
        null,
        null,
        null,
        null,
        null,
        null,
        null,
        null,
        null,
        null,
        null,
        null,
        null,
        null,
        null,
        null,
        null,
        null,
        null,
        null,
        1,
        null,
        null,
        null,
        null,
        1,
        null,
        null,
        null,
        null,
        null,
        null,
        null,
        null,
        null,
        null,
        null,
        null,
        null,
        null,
        null,
        null,
        null,
        null,
        null,
        null,
        null,
        null,
        null,
        null
      ],
      "/home/nikolay/work/ruby_garage/homework_model/new_bookstore/bs/config/initializers/filter_parameter_logging.rb": [
        null,
        null,
        null,
        1
      ],
      "/home/nikolay/work/ruby_garage/homework_model/new_bookstore/bs/config/initializers/inflections.rb": [
        null,
        null,
        null,
        null,
        null,
        null,
        null,
        null,
        null,
        null,
        null,
        null,
        null,
        null,
        null,
        null
      ],
      "/home/nikolay/work/ruby_garage/homework_model/new_bookstore/bs/config/initializers/mime_types.rb": [
        null,
        null,
        null,
        null
      ],
      "/home/nikolay/work/ruby_garage/homework_model/new_bookstore/bs/config/initializers/rails_admin.rb": [
        1,
        1,
        0,
        0,
        null,
        null,
        null,
        null,
        null,
        null,
        1,
        null,
        null,
        null,
        null,
        null,
        null,
        null,
        null,
        null,
        null,
        null,
        null,
        null,
        null,
        null,
        null,
        null,
        null,
        null,
        null,
        1,
        1,
        1,
        1,
        1,
        null,
        1,
        1,
        1,
        1,
        1,
        1,
        null,
        null,
        null,
        null,
        null,
        null,
        1,
        0,
        0,
        0,
        0,
        0,
        0,
        0,
        null,
        null,
        null,
        1,
        0,
        0,
        0,
        0,
        null,
        null,
        null,
        1,
        0,
        0,
        null,
        null,
        null,
        1,
        0,
        0,
        0,
        null,
        null,
        null,
        1,
        0,
        0,
        0,
        0,
        null,
        null,
        null,
        0,
        0,
        0,
        0,
        null,
        null,
        0,
        0,
        null,
        null,
        null,
        null,
        1,
        0,
        0,
        0,
        0,
        null,
        null,
        null,
        1,
        0,
        0,
        0,
        0,
        null,
        null,
        null,
        1,
        0,
        null,
        null,
        1,
        0,
        null,
        null,
        1,
        0,
        null,
        null,
        1,
        0,
        null,
        null,
        1,
        0,
        null,
        null,
        1,
        0,
        null,
        null,
        null
      ],
      "/home/nikolay/work/ruby_garage/homework_model/new_bookstore/bs/config/initializers/session_store.rb": [
        null,
        null,
        1
      ],
      "/home/nikolay/work/ruby_garage/homework_model/new_bookstore/bs/config/initializers/wrap_parameters.rb": [
        null,
        null,
        null,
        null,
        null,
        null,
        1,
        1,
        null,
        null,
        null,
        null,
        null,
        null
      ],
      "/home/nikolay/work/ruby_garage/homework_model/new_bookstore/bs/config/routes.rb": [
        1,
        1,
        1,
        null,
        1,
        1,
        null,
        null,
        1,
        null,
        1,
        1,
        null,
        null,
        1,
        1,
        1,
        null,
        1,
        null,
        1,
        null,
        null,
        null,
        null,
        null,
        null,
        null,
        null,
        null,
        null,
        null,
        null,
        1,
        1,
        1,
        null,
        null,
        null,
        null,
        null,
        null,
        null,
        null,
        null,
        null,
        null,
        null,
        null,
        null,
        null,
        null,
        null,
        null,
        null,
        null,
        null,
        null,
        null,
        null,
        null,
        null,
        null,
        null,
        null,
        null,
        null,
        null,
        null,
        null,
        null,
        null,
        null,
        null,
        null,
        null,
        null,
        null,
        null,
        null,
        null,
        null,
        null,
        null,
        null,
        null,
        null,
        null,
        null,
        null,
        null,
        null,
        null
      ],
      "/home/nikolay/work/ruby_garage/homework_model/new_bookstore/bs/app/models/user.rb": [
        1,
        1,
        null,
        1,
        1,
        1,
        1,
        null,
        1,
        1,
        null,
        1,
        null,
        null,
        null,
        1,
        null,
        null,
        null,
        null,
        1,
        10,
        10,
        null,
        9,
        9,
        9,
        9,
        null,
        9,
        4,
        null,
        5,
        5,
        5,
        null,
        9,
        null,
        null,
        null
      ],
      "/home/nikolay/work/ruby_garage/homework_model/new_bookstore/bs/app/helpers/application_helper.rb": [
        1,
        1,
        4,
        null,
        null
      ],
      "/home/nikolay/work/ruby_garage/homework_model/new_bookstore/bs/app/helpers/authors_helper.rb": [
        1,
        null
      ],
      "/home/nikolay/work/ruby_garage/homework_model/new_bookstore/bs/app/helpers/books_helper.rb": [
        1,
        null
      ],
      "/home/nikolay/work/ruby_garage/homework_model/new_bookstore/bs/app/helpers/carts_helper.rb": [
        1,
        null
      ],
      "/home/nikolay/work/ruby_garage/homework_model/new_bookstore/bs/app/helpers/categories_helper.rb": [
        1,
        null
      ],
      "/home/nikolay/work/ruby_garage/homework_model/new_bookstore/bs/app/helpers/checkouts_helper.rb": [
        1,
        1,
        1,
        1,
        12,
        1,
        null,
        null,
        1,
        1,
        null,
        null,
        1,
        2,
        2,
        null,
        null,
        1,
        2,
        2,
        2,
        null,
        null,
        null
      ],
      "/home/nikolay/work/ruby_garage/homework_model/new_bookstore/bs/app/helpers/order_items_helper.rb": [
        1,
        null
      ],
      "/home/nikolay/work/ruby_garage/homework_model/new_bookstore/bs/app/helpers/orders_helper.rb": [
        1,
        null
      ],
      "/home/nikolay/work/ruby_garage/homework_model/new_bookstore/bs/app/helpers/reviews_helper.rb": [
        1,
        null
      ],
      "/home/nikolay/work/ruby_garage/homework_model/new_bookstore/bs/app/helpers/static_pages_helper.rb": [
        1,
        null
      ],
      "/home/nikolay/work/ruby_garage/homework_model/new_bookstore/bs/app/controllers/authors_controller.rb": [
        1,
        1,
        null,
        1,
        2,
        null,
        null
      ],
      "/home/nikolay/work/ruby_garage/homework_model/new_bookstore/bs/app/controllers/application_controller.rb": [
        1,
        1,
        null,
        1,
        null,
        1,
        null,
        1,
        null,
        1,
        31,
        null,
        null,
        1,
        116,
        78,
        30,
        null,
        null,
        null,
        null,
        1,
        3,
        null,
        null,
        1,
        115,
        null,
        null,
        null,
        1,
        0,
        null,
        null,
        1,
        114,
        null,
        76,
        null,
        null,
        null,
        null,
        null,
        67,
        null,
        null,
        null,
        1,
        0,
        null,
        null,
        1,
        null,
        1,
        7,
        null,
        null,
        1,
        1,
        null,
        null,
        null
      ],
      "/home/nikolay/work/ruby_garage/homework_model/new_bookstore/bs/app/controllers/books_controller.rb": [
        1,
        1,
        null,
        1,
        null,
        1,
        10,
        10,
        null,
        null,
        1,
        9,
        null,
        null,
        1,
        null,
        1,
        9,
        null,
        null
      ],
      "/home/nikolay/work/ruby_garage/homework_model/new_bookstore/bs/app/controllers/carts_controller.rb": [
        1,
        1,
        null,
        1,
        6,
        null,
        null,
        1,
        2,
        2,
        null,
        2,
        null,
        null,
        1,
        3,
        3,
        3,
        null,
        null,
        null
      ],
      "/home/nikolay/work/ruby_garage/homework_model/new_bookstore/bs/app/controllers/categories_controller.rb": [
        1,
        1,
        null,
        1,
        null,
        1,
        4,
        4,
        null,
        null,
        1,
        null,
        1,
        4,
        null,
        null
      ],
      "/home/nikolay/work/ruby_garage/homework_model/new_bookstore/bs/app/controllers/checkouts_controller.rb": [
        1,
        1,
        1,
        null,
        1,
        null,
        1,
        null,
        1,
        null,
        1,
        4,
        null,
        1,
        1,
        null,
        null,
        1,
        1,
        0,
        null,
        null,
        null,
        1,
        0,
        null,
        1,
        null,
        null,
        1,
        0,
        0,
        null,
        1,
        1,
        null,
        null,
        4,
        null,
        null,
        null,
        1,
        4,
        null,
        1,
        1,
        1,
        1,
        null,
        1,
        null,
        null,
        1,
        1,
        null,
        0,
        0,
        null,
        null,
        null,
        1,
        null,
        null,
        1,
        null,
        null,
        4,
        null,
        null,
        1,
        0,
        null,
        null,
        1,
        null,
        1,
        1,
        null,
        0,
        null,
        null,
        null,
        1,
        null,
        1,
        9,
        1,
        8,
        0,
        null,
        null,
        null,
        1,
        1,
        null,
        null,
        1,
        1,
        null,
        null,
        1,
        1,
        0,
        null,
        1,
        null,
        null,
        null,
        1,
        1,
        null,
        null,
        1,
        1,
        null,
        null,
        1,
        2,
        null,
        null,
        null
      ],
      "/home/nikolay/work/ruby_garage/homework_model/new_bookstore/bs/app/controllers/order_items_controller.rb": [
        1,
        1,
        1,
        null,
        1,
        7,
        7,
        6,
        null,
        1,
        null,
        null,
        null,
        1,
        2,
        2,
        2,
        2,
        null,
        null,
        1,
        null,
        1,
        9,
        null,
        null,
        null
      ],
      "/home/nikolay/work/ruby_garage/homework_model/new_bookstore/bs/app/controllers/orders_controller.rb": [
        1,
        1,
        null,
        1,
        null,
        1,
        2,
        null,
        null,
        1,
        2,
        null,
        null,
        null
      ],
      "/home/nikolay/work/ruby_garage/homework_model/new_bookstore/bs/app/controllers/registrations_controller.rb": [
        1,
        1,
        1,
        null,
        1,
        5,
        5,
        5,
        null,
        null,
        1,
        0,
        null,
        0,
        0,
        0,
        null,
        0,
        null,
        null,
        null,
        1,
        4,
        null,
        3,
        3,
        3,
        null,
        1,
        null,
        null,
        null,
        1,
        null,
        1,
        0,
        0,
        0,
        0,
        0,
        0,
        null,
        null,
        null,
        1,
        13,
        null,
        null,
        1,
        13,
        null,
        null,
        1,
        0,
        null,
        null,
        1,
        4,
        null,
        null,
        1,
        0,
        null,
        null,
        1,
        0,
        null,
        null,
        1,
        0,
        null,
        null
      ],
      "/home/nikolay/work/ruby_garage/homework_model/new_bookstore/bs/app/controllers/reviews_controller.rb": [
        1,
        1,
        1,
        null,
        1,
        null,
        1,
        3,
        null,
        null,
        1,
        6,
        6,
        null,
        6,
        4,
        4,
        null,
        2,
        null,
        null,
        null,
        1,
        null,
        1,
        9,
        null,
        null,
        1,
        12,
        null,
        null
      ],
      "/home/nikolay/work/ruby_garage/homework_model/new_bookstore/bs/app/controllers/static_pages_controller.rb": [
        1,
        1,
        19,
        null,
        null
      ],
      "/home/nikolay/work/ruby_garage/homework_model/new_bookstore/bs/app/models/ability.rb": [
        1,
        1,
        null,
        1,
        null,
        1,
        61,
        null,
        61,
        44,
        null,
        17,
        null,
        null,
        null,
        1,
        60,
        null,
        null,
        1,
        1,
        null,
        null,
        1,
        43,
        null,
        43,
        43,
        43,
        43,
        43,
        null,
        null,
        null,
        null
      ],
      "/home/nikolay/work/ruby_garage/homework_model/new_bookstore/bs/app/models/address.rb": [
        1,
        1,
        1,
        null,
        1,
        1,
        null
      ],
      "/home/nikolay/work/ruby_garage/homework_model/new_bookstore/bs/app/models/author.rb": [
        1,
        1,
        null,
        1,
        null
      ],
      "/home/nikolay/work/ruby_garage/homework_model/new_bookstore/bs/app/models/authorization.rb": [
        1,
        1,
        null
      ],
      "/home/nikolay/work/ruby_garage/homework_model/new_bookstore/bs/app/models/book.rb": [
        1,
        1,
        null,
        1,
        1,
        null,
        1,
        1,
        null,
        21,
        null,
        null
      ],
      "/home/nikolay/work/ruby_garage/homework_model/new_bookstore/bs/app/models/category.rb": [
        1,
        1,
        null,
        1,
        null
      ],
      "/home/nikolay/work/ruby_garage/homework_model/new_bookstore/bs/app/models/country.rb": [
        1,
        1,
        null
      ],
      "/home/nikolay/work/ruby_garage/homework_model/new_bookstore/bs/app/models/credit_card.rb": [
        1,
        1,
        null,
        1,
        1,
        null,
        1,
        null,
        1,
        1,
        null,
        null
      ],
      "/home/nikolay/work/ruby_garage/homework_model/new_bookstore/bs/app/models/delivery.rb": [
        1,
        1,
        1,
        null,
        1,
        null,
        null
      ],
      "/home/nikolay/work/ruby_garage/homework_model/new_bookstore/bs/app/models/order_item.rb": [
        1,
        1,
        null,
        1,
        null,
        1,
        1,
        null,
        1,
        145,
        105,
        null,
        40,
        null,
        null,
        null,
        1,
        77,
        null,
        null,
        1,
        null,
        1,
        59,
        null,
        null,
        null
      ],
      "/home/nikolay/work/ruby_garage/homework_model/new_bookstore/bs/app/models/order.rb": [
        1,
        1,
        1,
        null,
        1,
        null,
        1,
        1,
        null,
        1,
        1,
        1,
        null,
        1,
        1,
        null,
        1,
        1,
        null,
        1,
        1,
        1,
        1,
        1,
        1,
        null,
        1,
        1,
        null,
        null,
        1,
        1,
        null,
        null,
        1,
        1,
        null,
        null,
        1,
        1,
        null,
        null,
        null,
        1,
        13,
        13,
        1,
        null,
        12,
        null,
        null,
        null,
        1,
        222,
        null,
        null,
        1,
        78,
        null,
        null,
        1,
        74,
        null,
        null,
        1,
        22,
        null,
        null,
        1,
        3,
        3,
        null,
        null,
        1,
        2,
        2,
        0,
        null,
        2,
        null,
        null,
        null,
        null,
        1,
        2,
        2,
        0,
        null,
        2,
        null,
        null,
        null,
        null,
        null,
        1,
        1,
        null,
        null,
        1,
        null,
        1,
        4,
        null,
        null,
        1,
        70,
        null,
        null,
        null
      ],
      "/home/nikolay/work/ruby_garage/homework_model/new_bookstore/bs/app/models/review.rb": [
        1,
        1,
        1,
        null,
        1,
        1,
        null
      ],
      "/home/nikolay/work/ruby_garage/homework_model/new_bookstore/bs/app/models/billing_address.rb": [
        1,
        null
      ],
      "/home/nikolay/work/ruby_garage/homework_model/new_bookstore/bs/app/models/shipping_address.rb": [
        1,
        null
      ]
    },
    "timestamp": 1456162843
  }
}
