{
  "RSpec": {
    "coverage": {
      "/home/nikolay/work/ruby_garage/homework_model/new_bookstore/bs/config/environment.rb": [
        null,
        1,
        null,
        null,
        1
      ],
      "/home/nikolay/work/ruby_garage/homework_model/new_bookstore/bs/config/application.rb": [
        1,
        null,
        1,
        null,
        null,
        null,
        1,
        null,
        1,
        1,
        null,
        null,
        null,
        null,
        null,
        null,
        null,
        null,
        null,
        null,
        null,
        null,
        null,
        1,
        null,
        null
      ],
      "/home/nikolay/work/ruby_garage/homework_model/new_bookstore/bs/config/boot.rb": [
        1,
        null,
        1
      ],
      "/home/nikolay/work/ruby_garage/homework_model/new_bookstore/bs/config/environments/test.rb": [
        1,
        null,
        null,
        null,
        null,
        null,
        null,
        1,
        null,
        null,
        null,
        null,
        1,
        null,
        null,
        1,
        1,
        null,
        null,
        1,
        1,
        null,
        null,
        1,
        null,
        null,
        1,
        null,
        null,
        null,
        null,
        1,
        null,
        null,
        1,
        null,
        null,
        1,
        null,
        null,
        null,
        null
      ],
      "/home/nikolay/work/ruby_garage/homework_model/new_bookstore/bs/config/initializers/assets.rb": [
        null,
        null,
        null,
        1,
        1,
        null,
        null,
        null,
        null,
        null,
        null
      ],
      "/home/nikolay/work/ruby_garage/homework_model/new_bookstore/bs/config/initializers/backtrace_silencers.rb": [
        null,
        null,
        null,
        null,
        null,
        null,
        null
      ],
      "/home/nikolay/work/ruby_garage/homework_model/new_bookstore/bs/config/initializers/cookies_serializer.rb": [
        null,
        null,
        1
      ],
      "/home/nikolay/work/ruby_garage/homework_model/new_bookstore/bs/config/initializers/devise.rb": [
        null,
        null,
        1,
        null,
        null,
        null,
        null,
        null,
        null,
        null,
        null,
        null,
        null,
        null,
        1,
        null,
        null,
        null,
        null,
        null,
        null,
        null,
        null,
        1,
        null,
        null,
        null,
        null,
        null,
        null,
        null,
        null,
        null,
        null,
        null,
        null,
        null,
        null,
        null,
        null,
        null,
        null,
        null,
        null,
        null,
        1,
        null,
        null,
        null,
        null,
        1,
        null,
        null,
        null,
        null,
        null,
        null,
        null,
        null,
        null,
        null,
        null,
        null,
        null,
        null,
        null,
        null,
        null,
        null,
        null,
        null,
        null,
        null,
        null,
        null,
        null,
        null,
        null,
        null,
        null,
        null,
        1,
        null,
        null,
        null,
        null,
        null,
        null,
        null,
        null,
        null,
        null,
        null,
        null,
        null,
        null,
        null,
        null,
        1,
        null,
        null,
        null,
        null,
        null,
        null,
        null,
        null,
        null,
        null,
        null,
        null,
        null,
        null,
        null,
        null,
        null,
        null,
        null,
        null,
        null,
        null,
        null,
        null,
        null,
        null,
        null,
        1,
        null,
        null,
        null,
        null,
        null,
        null,
        null,
        null,
        null,
        1,
        null,
        null,
        null,
        null,
        null,
        null,
        null,
        null,
        null,
        null,
        1,
        null,
        null,
        null,
        null,
        null,
        null,
        null,
        null,
        null,
        null,
        null,
        null,
        null,
        null,
        null,
        null,
        null,
        null,
        null,
        null,
        null,
        null,
        null,
        null,
        null,
        null,
        null,
        null,
        null,
        null,
        null,
        null,
        null,
        null,
        null,
        null,
        null,
        null,
        null,
        null,
        null,
        null,
        null,
        null,
        null,
        1,
        null,
        null,
        null,
        null,
        null,
        null,
        null,
        null,
        null,
        null,
        null,
        null,
        null,
        null,
        null,
        null,
        null,
        null,
        null,
        null,
        null,
        null,
        null,
        null,
        null,
        null,
        null,
        null,
        null,
        null,
        null,
        null,
        null,
        null,
        null,
        null,
        null,
        null,
        null,
        null,
        null,
        1,
        null,
        null,
        null,
        null,
        1,
        null,
        null,
        null,
        null,
        null,
        null,
        null,
        null,
        null,
        null,
        null,
        null,
        null,
        null,
        null,
        null,
        null,
        null,
        null,
        null,
        null,
        null,
        null,
        null
      ],
      "/home/nikolay/work/ruby_garage/homework_model/new_bookstore/bs/config/initializers/filter_parameter_logging.rb": [
        null,
        null,
        null,
        1
      ],
      "/home/nikolay/work/ruby_garage/homework_model/new_bookstore/bs/config/initializers/inflections.rb": [
        null,
        null,
        null,
        null,
        null,
        null,
        null,
        null,
        null,
        null,
        null,
        null,
        null,
        null,
        null,
        null
      ],
      "/home/nikolay/work/ruby_garage/homework_model/new_bookstore/bs/config/initializers/mime_types.rb": [
        null,
        null,
        null,
        null
      ],
      "/home/nikolay/work/ruby_garage/homework_model/new_bookstore/bs/config/initializers/rails_admin.rb": [
        1,
        1,
        8,
        0,
        null,
        null,
        null,
        null,
        null,
        null,
        61,
        null,
        null,
        null,
        null,
        null,
        null,
        null,
        null,
        null,
        null,
        null,
        null,
        null,
        null,
        null,
        null,
        null,
        null,
        null,
        null,
        1,
        1,
        1,
        1,
        1,
        null,
        1,
        1,
        1,
        1,
        1,
        1,
        null,
        null,
        null,
        null,
        null,
        null,
        1,
        1,
        1,
        1,
        1,
        1,
        1,
        1,
        null,
        null,
        null,
        1,
        1,
        1,
        1,
        1,
        null,
        null,
        null,
        1,
        1,
        1,
        null,
        null,
        null,
        1,
        1,
        1,
        1,
        null,
        null,
        null,
        1,
        1,
        1,
        1,
        1,
        null,
        null,
        null,
        1,
        1,
        1,
        0,
        null,
        null,
        1,
        1,
        null,
        null,
        null,
        null,
        1,
        1,
        1,
        1,
        1,
        null,
        null,
        null,
        1,
        1,
        1,
        1,
        1,
        null,
        null,
        null,
        1,
        1,
        null,
        null,
        1,
        1,
        null,
        null,
        1,
        1,
        null,
        null,
        1,
        1,
        null,
        null,
        1,
        1,
        null,
        null,
        1,
        1,
        null,
        null,
        null
      ],
      "/home/nikolay/work/ruby_garage/homework_model/new_bookstore/bs/config/initializers/session_store.rb": [
        null,
        null,
        1
      ],
      "/home/nikolay/work/ruby_garage/homework_model/new_bookstore/bs/config/initializers/wrap_parameters.rb": [
        null,
        null,
        null,
        null,
        null,
        null,
        1,
        1,
        null,
        null,
        null,
        null,
        null,
        null
      ],
      "/home/nikolay/work/ruby_garage/homework_model/new_bookstore/bs/config/routes.rb": [
        1,
        1,
        1,
        null,
        1,
        1,
        null,
        null,
        1,
        null,
        1,
        1,
        null,
        null,
        1,
        1,
        1,
        null,
        1,
        null,
        1,
        null,
        null,
        null,
        null,
        null,
        null,
        null,
        null,
        null,
        null,
        null,
        null,
        1,
        1,
        1,
        null,
        null,
        null,
        null,
        null,
        null,
        null,
        null,
        null,
        null,
        null,
        null,
        null,
        null,
        null,
        null,
        null,
        null,
        null,
        null,
        null,
        null,
        null,
        null,
        null,
        null,
        null,
        null,
        null,
        null,
        null,
        null,
        null,
        null,
        null,
        null,
        null,
        null,
        null,
        null,
        null,
        null,
        null,
        null,
        null,
        null,
        null,
        null,
        null,
        null,
        null,
        null,
        null,
        null,
        null,
        null,
        null
      ],
      "/home/nikolay/work/ruby_garage/homework_model/new_bookstore/bs/app/models/user.rb": [
        1,
        1,
        null,
        1,
        1,
        1,
        1,
        null,
        1,
        1,
        null,
        1,
        null,
        null,
        null,
        1,
        null,
        null,
        null,
        null,
        1,
        10,
        10,
        null,
        9,
        9,
        9,
        9,
        null,
        9,
        4,
        null,
        5,
        5,
        5,
        null,
        9,
        null,
        null,
        null
      ],
      "/home/nikolay/work/ruby_garage/homework_model/new_bookstore/bs/app/helpers/application_helper.rb": [
        1,
        1,
        8,
        null,
        null
      ],
      "/home/nikolay/work/ruby_garage/homework_model/new_bookstore/bs/app/helpers/authors_helper.rb": [
        1,
        null
      ],
      "/home/nikolay/work/ruby_garage/homework_model/new_bookstore/bs/app/helpers/books_helper.rb": [
        1,
        null
      ],
      "/home/nikolay/work/ruby_garage/homework_model/new_bookstore/bs/app/helpers/carts_helper.rb": [
        1,
        null
      ],
      "/home/nikolay/work/ruby_garage/homework_model/new_bookstore/bs/app/helpers/categories_helper.rb": [
        1,
        null
      ],
      "/home/nikolay/work/ruby_garage/homework_model/new_bookstore/bs/app/helpers/checkouts_helper.rb": [
        1,
        1,
        2,
        2,
        24,
        2,
        null,
        null,
        1,
        2,
        null,
        null,
        1,
        4,
        4,
        null,
        null,
        1,
        4,
        4,
        4,
        null,
        null,
        null
      ],
      "/home/nikolay/work/ruby_garage/homework_model/new_bookstore/bs/app/helpers/order_items_helper.rb": [
        1,
        null
      ],
      "/home/nikolay/work/ruby_garage/homework_model/new_bookstore/bs/app/helpers/orders_helper.rb": [
        1,
        null
      ],
      "/home/nikolay/work/ruby_garage/homework_model/new_bookstore/bs/app/helpers/reviews_helper.rb": [
        1,
        null
      ],
      "/home/nikolay/work/ruby_garage/homework_model/new_bookstore/bs/app/helpers/static_pages_helper.rb": [
        1,
        null
      ],
      "/home/nikolay/work/ruby_garage/homework_model/new_bookstore/bs/app/controllers/authors_controller.rb": [
        1,
        1,
        null,
        1,
        2,
        null,
        null
      ],
      "/home/nikolay/work/ruby_garage/homework_model/new_bookstore/bs/app/controllers/application_controller.rb": [
        1,
        1,
        null,
        1,
        1,
        1,
        null,
        1,
        null,
        1,
        47,
        null,
        null,
        1,
        177,
        129,
        51,
        null,
        null,
        null,
        null,
        1,
        251,
        null,
        null,
        null,
        1,
        0,
        null,
        null,
        1,
        174,
        null,
        122,
        null,
        null,
        null,
        null,
        null,
        108,
        null,
        null,
        null,
        1,
        0,
        null,
        null,
        1,
        null,
        1,
        12,
        null,
        null,
        1,
        1,
        null,
        null,
        null
      ],
      "/home/nikolay/work/ruby_garage/homework_model/new_bookstore/bs/app/controllers/books_controller.rb": [
        1,
        1,
        null,
        1,
        null,
        1,
        11,
        11,
        null,
        null,
        1,
        10,
        null,
        null,
        1,
        null,
        1,
        10,
        null,
        null
      ],
      "/home/nikolay/work/ruby_garage/homework_model/new_bookstore/bs/app/controllers/carts_controller.rb": [
        1,
        1,
        null,
        1,
        7,
        null,
        null,
        1,
        2,
        2,
        null,
        2,
        null,
        null,
        1,
        3,
        3,
        3,
        null,
        null,
        null
      ],
      "/home/nikolay/work/ruby_garage/homework_model/new_bookstore/bs/app/controllers/categories_controller.rb": [
        1,
        1,
        null,
        1,
        null,
        1,
        4,
        4,
        null,
        null,
        1,
        null,
        1,
        4,
        null,
        null
      ],
      "/home/nikolay/work/ruby_garage/homework_model/new_bookstore/bs/app/controllers/checkout_controller.rb": [
        1,
        1,
        1,
        null,
        1,
        null,
        1,
        null,
        1,
        null,
        1,
        17,
        null,
        5,
        5,
        null,
        null,
        5,
        5,
        1,
        null,
        null,
        null,
        3,
        0,
        null,
        3,
        null,
        null,
        4,
        0,
        0,
        null,
        4,
        4,
        null,
        null,
        17,
        null,
        null,
        1,
        8,
        null,
        2,
        2,
        2,
        2,
        null,
        2,
        null,
        2,
        2,
        null,
        null,
        0,
        0,
        null,
        null,
        null,
        2,
        null,
        null,
        2,
        null,
        null,
        8,
        null,
        null,
        1,
        0,
        null,
        null,
        1,
        2,
        2,
        null,
        0,
        null,
        null,
        null,
        1,
        null,
        1,
        27,
        2,
        25,
        0,
        null,
        null,
        null,
        1,
        2,
        null,
        null,
        1,
        2,
        null,
        null,
        1,
        2,
        0,
        null,
        2,
        null,
        null,
        null,
        1,
        2,
        null,
        null,
        1,
        2,
        null,
        null,
        1,
        4,
        null,
        null,
        null
      ],
      "/home/nikolay/work/ruby_garage/homework_model/new_bookstore/bs/app/controllers/order_items_controller.rb": [
        1,
        1,
        1,
        null,
        1,
        8,
        8,
        7,
        null,
        1,
        null,
        null,
        null,
        1,
        2,
        2,
        2,
        2,
        0,
        0,
        null,
        2,
        null,
        null,
        null,
        1,
        null,
        1,
        10,
        null,
        null,
        1,
        4,
        null,
        null,
        null
      ],
      "/home/nikolay/work/ruby_garage/homework_model/new_bookstore/bs/app/controllers/orders_controller.rb": [
        1,
        1,
        null,
        1,
        null,
        1,
        6,
        6,
        6,
        6,
        null,
        null,
        1,
        2,
        null,
        null,
        null
      ],
      "/home/nikolay/work/ruby_garage/homework_model/new_bookstore/bs/app/controllers/registrations_controller.rb": [
        1,
        1,
        1,
        null,
        1,
        9,
        9,
        9,
        9,
        null,
        null,
        1,
        2,
        2,
        null,
        2,
        2,
        2,
        null,
        0,
        null,
        null,
        null,
        1,
        4,
        4,
        null,
        3,
        3,
        3,
        null,
        1,
        null,
        null,
        null,
        1,
        null,
        1,
        2,
        0,
        2,
        1,
        1,
        1,
        null,
        null,
        null,
        1,
        19,
        null,
        null,
        1,
        19,
        null,
        null,
        1,
        0,
        null,
        null,
        1,
        4,
        null,
        null,
        1,
        1,
        null,
        null,
        1,
        1,
        null,
        null,
        1,
        2,
        null,
        null
      ],
      "/home/nikolay/work/ruby_garage/homework_model/new_bookstore/bs/app/controllers/reviews_controller.rb": [
        1,
        1,
        1,
        null,
        1,
        null,
        1,
        3,
        null,
        null,
        1,
        6,
        6,
        null,
        6,
        4,
        4,
        null,
        2,
        null,
        null,
        null,
        1,
        null,
        1,
        9,
        null,
        null,
        1,
        12,
        null,
        null
      ],
      "/home/nikolay/work/ruby_garage/homework_model/new_bookstore/bs/app/controllers/static_pages_controller.rb": [
        1,
        1,
        29,
        null,
        null
      ],
      "/home/nikolay/work/ruby_garage/homework_model/new_bookstore/bs/app/models/ability.rb": [
        1,
        1,
        null,
        1,
        null,
        1,
        92,
        null,
        92,
        75,
        null,
        17,
        null,
        null,
        null,
        1,
        91,
        null,
        null,
        1,
        1,
        null,
        null,
        1,
        74,
        null,
        74,
        74,
        74,
        74,
        74,
        74,
        74,
        74,
        null,
        null,
        null,
        null
      ],
      "/home/nikolay/work/ruby_garage/homework_model/new_bookstore/bs/app/models/address.rb": [
        1,
        1,
        1,
        null,
        1,
        null,
        1,
        null,
        null,
        1,
        null,
        null
      ],
      "/home/nikolay/work/ruby_garage/homework_model/new_bookstore/bs/app/models/author.rb": [
        1,
        1,
        null,
        1,
        null
      ],
      "/home/nikolay/work/ruby_garage/homework_model/new_bookstore/bs/app/models/authorization.rb": [
        1,
        1,
        null
      ],
      "/home/nikolay/work/ruby_garage/homework_model/new_bookstore/bs/app/models/book.rb": [
        1,
        1,
        null,
        1,
        1,
        null,
        1,
        1,
        null,
        31,
        null,
        null
      ],
      "/home/nikolay/work/ruby_garage/homework_model/new_bookstore/bs/app/models/category.rb": [
        1,
        1,
        null,
        1,
        null
      ],
      "/home/nikolay/work/ruby_garage/homework_model/new_bookstore/bs/app/models/country.rb": [
        1,
        1,
        null
      ],
      "/home/nikolay/work/ruby_garage/homework_model/new_bookstore/bs/app/models/credit_card.rb": [
        1,
        1,
        null,
        1,
        1,
        null,
        1,
        null,
        1,
        1,
        null,
        null
      ],
      "/home/nikolay/work/ruby_garage/homework_model/new_bookstore/bs/app/models/delivery.rb": [
        1,
        1,
        1,
        null,
        1,
        null,
        null
      ],
      "/home/nikolay/work/ruby_garage/homework_model/new_bookstore/bs/app/models/order_item.rb": [
        1,
        1,
        null,
        1,
        null,
        1,
        1,
        null,
        1,
        251,
        192,
        null,
        59,
        null,
        null,
        null,
        1,
        143,
        null,
        null,
        1,
        null,
        1,
        96,
        null,
        null,
        null
      ],
      "/home/nikolay/work/ruby_garage/homework_model/new_bookstore/bs/app/models/order.rb": [
        1,
        1,
        1,
        null,
        1,
        null,
        1,
        1,
        null,
        1,
        1,
        1,
        null,
        1,
        1,
        null,
        1,
        1,
        null,
        1,
        1,
        1,
        1,
        1,
        1,
        null,
        1,
        1,
        null,
        null,
        1,
        1,
        null,
        null,
        1,
        1,
        null,
        null,
        1,
        1,
        null,
        null,
        null,
        1,
        14,
        14,
        1,
        null,
        13,
        null,
        null,
        null,
        1,
        381,
        null,
        null,
        1,
        132,
        null,
        null,
        1,
        124,
        null,
        null,
        1,
        32,
        null,
        null,
        1,
        6,
        6,
        null,
        null,
        1,
        5,
        5,
        0,
        null,
        5,
        null,
        null,
        null,
        null,
        1,
        5,
        5,
        0,
        null,
        5,
        null,
        null,
        null,
        null,
        null,
        1,
        3,
        null,
        null,
        1,
        null,
        1,
        10,
        null,
        null,
        1,
        115,
        null,
        null,
        null
      ],
      "/home/nikolay/work/ruby_garage/homework_model/new_bookstore/bs/app/models/review.rb": [
        1,
        1,
        1,
        null,
        1,
        1,
        null
      ],
      "/home/nikolay/work/ruby_garage/homework_model/new_bookstore/bs/app/models/shipping_address.rb": [
        1,
        null
      ],
      "/home/nikolay/work/ruby_garage/homework_model/new_bookstore/bs/app/models/billing_address.rb": [
        1,
        null
      ]
    },
    "timestamp": 1456326675
  }
}
